g:\atdr\greko\atdr_base_code\atdr_base_code\user\atdr_windows\windows_client\debug\vc120.pdb
g:\atdr\greko\atdr_base_code\atdr_base_code\user\atdr_windows\windows_client\debug\vc120.idb
g:\atdr\greko\atdr_base_code\atdr_base_code\user\atdr_windows\windows_client\debug\atdr_io_engine.obj
g:\atdr\greko\atdr_base_code\atdr_base_code\user\atdr_windows\windows_client\debug\atdr_io_engine_client.obj
g:\atdr\greko\atdr_base_code\atdr_base_code\user\atdr_windows\windows_client\debug\atdr_io_engine_server.obj
g:\atdr\greko\atdr_base_code\atdr_base_code\user\atdr_windows\windows_client\debug\atdr_partner.obj
g:\atdr\greko\atdr_base_code\atdr_base_code\user\atdr_windows\windows_client\debug\atdr_partner_client.obj
g:\atdr\greko\atdr_base_code\atdr_base_code\user\atdr_windows\windows_client\debug\atdr_partner_server.obj
g:\atdr\greko\atdr_base_code\atdr_base_code\user\atdr_windows\windows_client\debug\atdr_recovery.obj
g:\atdr\greko\atdr_base_code\atdr_base_code\user\atdr_windows\windows_client\debug\atdr_relation.obj
g:\atdr\greko\atdr_base_code\atdr_base_code\user\atdr_windows\windows_client\debug\atdr_relation_client.obj
g:\atdr\greko\atdr_base_code\atdr_base_code\user\atdr_windows\windows_client\debug\atdr_relation_server.obj
g:\atdr\greko\atdr_base_code\atdr_base_code\user\atdr_windows\windows_client\debug\atdr_replication.obj
g:\atdr\greko\atdr_base_code\atdr_base_code\user\atdr_windows\windows_client\debug\atdr_replication_client.obj
g:\atdr\greko\atdr_base_code\atdr_base_code\user\atdr_windows\windows_client\debug\atdr_replication_header.obj
g:\atdr\greko\atdr_base_code\atdr_base_code\user\atdr_windows\windows_client\debug\atdr_replication_server.obj
g:\atdr\greko\atdr_base_code\atdr_base_code\user\atdr_windows\windows_client\debug\atdr_replic_header_client.obj
g:\atdr\greko\atdr_base_code\atdr_base_code\user\atdr_windows\windows_client\debug\atdr_replic_header_server.obj
g:\atdr\greko\atdr_base_code\atdr_base_code\user\atdr_windows\windows_client\debug\atdr_resync.obj
g:\atdr\greko\atdr_base_code\atdr_base_code\user\atdr_windows\windows_client\debug\atdr_utils.obj
g:\atdr\greko\atdr_base_code\atdr_base_code\user\atdr_windows\windows_client\debug\replic_client.obj
g:\atdr\greko\atdr_base_code\atdr_base_code\user\atdr_windows\windows_client\debug\replic_server.obj
g:\atdr\greko\atdr_base_code\atdr_base_code\user\atdr_windows\windows_client\debug\atdr_bitmap_client.obj
g:\atdr\greko\atdr_base_code\atdr_base_code\user\atdr_windows\windows_client\debug\atdr_bitmap_server.obj
g:\atdr\greko\atdr_base_code\atdr_base_code\user\atdr_windows\windows_client\debug\atdr_bitmap_user.obj
g:\atdr\greko\atdr_base_code\atdr_base_code\user\atdr_windows\windows_client\debug\atdr_conn.obj
g:\atdr\greko\atdr_base_code\atdr_base_code\user\atdr_windows\windows_client\debug\atdr_conn_client.obj
g:\atdr\greko\atdr_base_code\atdr_base_code\user\atdr_windows\windows_client\debug\atdr_conn_server.obj
g:\atdr\greko\atdr_base_code\atdr_base_code\user\atdr_windows\windows_client\debug\atdr_daemon.obj
g:\atdr\greko\atdr_base_code\atdr_base_code\user\atdr_windows\windows_client\debug\atdr_disk.obj
g:\atdr\greko\atdr_base_code\atdr_base_code\user\atdr_windows\windows_client\debug\atdr_disk_source.obj
g:\atdr\greko\atdr_base_code\atdr_base_code\user\atdr_windows\windows_client\debug\atdr_disk_target.obj
c:\users\administrator\desktop\atdr\greko\atdr_base_code\atdr_base_code\user\atdr_windows\windows_client\debug\atdr_bitmap_client.obj
c:\users\administrator\desktop\atdr\greko\atdr_base_code\atdr_base_code\user\atdr_windows\windows_client\debug\atdr_bitmap_server.obj
c:\users\administrator\desktop\atdr\greko\atdr_base_code\atdr_base_code\user\atdr_windows\windows_client\debug\atdr_bitmap_user.obj
c:\users\administrator\desktop\atdr\greko\atdr_base_code\atdr_base_code\user\atdr_windows\windows_client\debug\atdr_conn.obj
c:\users\administrator\desktop\atdr\greko\atdr_base_code\atdr_base_code\user\atdr_windows\windows_client\debug\atdr_conn_client.obj
c:\users\administrator\desktop\atdr\greko\atdr_base_code\atdr_base_code\user\atdr_windows\windows_client\debug\atdr_conn_server.obj
c:\users\administrator\desktop\atdr\greko\atdr_base_code\atdr_base_code\user\atdr_windows\windows_client\debug\atdr_daemon.obj
c:\users\administrator\desktop\atdr\greko\atdr_base_code\atdr_base_code\user\atdr_windows\windows_client\debug\atdr_disk.obj
c:\users\administrator\desktop\atdr\greko\atdr_base_code\atdr_base_code\user\atdr_windows\windows_client\debug\atdr_disk_source.obj
c:\users\administrator\desktop\atdr\greko\atdr_base_code\atdr_base_code\user\atdr_windows\windows_client\debug\atdr_disk_target.obj
c:\users\administrator\desktop\atdr\greko\atdr_base_code\atdr_base_code\user\atdr_windows\windows_client\debug\atdr_io_engine.obj
c:\users\administrator\desktop\atdr\greko\atdr_base_code\atdr_base_code\user\atdr_windows\windows_client\debug\atdr_io_engine_client.obj
c:\users\administrator\desktop\atdr\greko\atdr_base_code\atdr_base_code\user\atdr_windows\windows_client\debug\atdr_io_engine_server.obj
c:\users\administrator\desktop\atdr\greko\atdr_base_code\atdr_base_code\user\atdr_windows\windows_client\debug\atdr_partner.obj
c:\users\administrator\desktop\atdr\greko\atdr_base_code\atdr_base_code\user\atdr_windows\windows_client\debug\atdr_partner_client.obj
c:\users\administrator\desktop\atdr\greko\atdr_base_code\atdr_base_code\user\atdr_windows\windows_client\debug\atdr_partner_server.obj
c:\users\administrator\desktop\atdr\greko\atdr_base_code\atdr_base_code\user\atdr_windows\windows_client\debug\atdr_recovery.obj
c:\users\administrator\desktop\atdr\greko\atdr_base_code\atdr_base_code\user\atdr_windows\windows_client\debug\atdr_relation.obj
c:\users\administrator\desktop\atdr\greko\atdr_base_code\atdr_base_code\user\atdr_windows\windows_client\debug\atdr_relation_client.obj
c:\users\administrator\desktop\atdr\greko\atdr_base_code\atdr_base_code\user\atdr_windows\windows_client\debug\atdr_relation_server.obj
c:\users\administrator\desktop\atdr\greko\atdr_base_code\atdr_base_code\user\atdr_windows\windows_client\debug\atdr_replication.obj
c:\users\administrator\desktop\atdr\greko\atdr_base_code\atdr_base_code\user\atdr_windows\windows_client\debug\atdr_replication_client.obj
c:\users\administrator\desktop\atdr\greko\atdr_base_code\atdr_base_code\user\atdr_windows\windows_client\debug\atdr_replication_header.obj
c:\users\administrator\desktop\atdr\greko\atdr_base_code\atdr_base_code\user\atdr_windows\windows_client\debug\atdr_replication_server.obj
c:\users\administrator\desktop\atdr\greko\atdr_base_code\atdr_base_code\user\atdr_windows\windows_client\debug\atdr_replic_header_client.obj
c:\users\administrator\desktop\atdr\greko\atdr_base_code\atdr_base_code\user\atdr_windows\windows_client\debug\atdr_replic_header_server.obj
c:\users\administrator\desktop\atdr\greko\atdr_base_code\atdr_base_code\user\atdr_windows\windows_client\debug\atdr_resync.obj
c:\users\administrator\desktop\atdr\greko\atdr_base_code\atdr_base_code\user\atdr_windows\windows_client\debug\atdr_utils.obj
c:\users\administrator\desktop\atdr\greko\atdr_base_code\atdr_base_code\user\atdr_windows\windows_client\debug\replic_client.obj
c:\users\administrator\desktop\atdr\greko\atdr_base_code\atdr_base_code\user\atdr_windows\windows_client\debug\replic_server.obj
c:\users\administrator\desktop\atdr\greko\atdr_base_code\atdr_base_code\user\atdr_windows\windows_client\debug\vc120.idb
c:\users\administrator\desktop\atdr\greko\atdr_base_code\atdr_base_code\user\atdr_windows\windows_client\debug\vc120.pdb
c:\users\administrator\desktop\atdr\greko\atdr_base_code\atdr_base_code\user\atdr_windows\windows_client\debug\user_client.tlog\cl.command.1.tlog
c:\users\administrator\desktop\atdr\greko\atdr_base_code\atdr_base_code\user\atdr_windows\windows_client\debug\user_client.tlog\cl.read.1.tlog
c:\users\administrator\desktop\atdr\greko\atdr_base_code\atdr_base_code\user\atdr_windows\windows_client\debug\user_client.tlog\cl.write.1.tlog
