c:\users\administrator\desktop\atdr\greko\atdr_base_code\atdr_base_code\kernel\atdr_windows\atdrvolflt\atdrvolflt\x64\win8debug\atdrvolflt.sys
c:\users\administrator\desktop\atdr\greko\atdr_base_code\atdr_base_code\kernel\atdr_windows\atdrvolflt\atdrvolflt\atdrvolflt\x64\win8debug\atdrvolflt.inf
c:\users\administrator\desktop\atdr\greko\atdr_base_code\atdr_base_code\kernel\atdr_windows\atdrvolflt\atdrvolflt\atdrvolflt\x64\win8debug\vc120.pdb
c:\users\administrator\desktop\atdr\greko\atdr_base_code\atdr_base_code\kernel\atdr_windows\atdrvolflt\atdrvolflt\atdrvolflt\x64\win8debug\atdrvolflt.obj
c:\users\administrator\desktop\atdr\greko\atdr_base_code\atdr_base_code\kernel\atdr_windows\atdrvolflt\atdrvolflt\atdrvolflt\x64\win8debug\atdr_bitmap.obj
c:\users\administrator\desktop\atdr\greko\atdr_base_code\atdr_base_code\kernel\atdr_windows\atdrvolflt\atdrvolflt\x64\win8debug\atdrvolflt.pdb
c:\users\administrator\desktop\atdr_base_code\kernel\atdr_windows\atdrvolflt\atdrvolflt\x64\win8debug\atdrvolflt.cer
c:\users\administrator\desktop\atdr_base_code\kernel\atdr_windows\atdrvolflt\atdrvolflt\x64\win8debug\atdrvolflt.inf
c:\users\administrator\desktop\atdr_base_code\kernel\atdr_windows\atdrvolflt\atdrvolflt\atdrvolflt\x64\win8debug\atdrvolflt.obj
c:\users\administrator\desktop\atdr_base_code\kernel\atdr_windows\atdrvolflt\atdrvolflt\atdrvolflt\x64\win8debug\atdr_bitmap.obj
c:\users\administrator\desktop\atdr_base_code\kernel\atdr_windows\atdrvolflt\atdrvolflt\atdrvolflt\x64\win8debug\signtool.command.1.tlog
c:\users\administrator\desktop\atdr_base_code\kernel\atdr_windows\atdrvolflt\atdrvolflt\atdrvolflt\x64\win8debug\signtool.read.1.tlog
c:\users\administrator\desktop\atdr_base_code\kernel\atdr_windows\atdrvolflt\atdrvolflt\atdrvolflt\x64\win8debug\signtool.write.1.tlog
c:\users\administrator\desktop\atdr_base_code\kernel\atdr_windows\atdrvolflt\atdrvolflt\atdrvolflt\x64\win8debug\stampinf.command.1.tlog
c:\users\administrator\desktop\atdr_base_code\kernel\atdr_windows\atdrvolflt\atdrvolflt\atdrvolflt\x64\win8debug\stampinf.read.1.tlog
c:\users\administrator\desktop\atdr_base_code\kernel\atdr_windows\atdrvolflt\atdrvolflt\atdrvolflt\x64\win8debug\stampinf.write.1.tlog
c:\users\administrator\desktop\atdr_base_code\kernel\atdr_windows\atdrvolflt\atdrvolflt\atdrvolflt\x64\win8debug\vc120.pdb
c:\users\administrator\desktop\atdr_base_code\kernel\atdr_windows\atdrvolflt\atdrvolflt\x64\win8debug\atdrvolflt.pdb
c:\users\administrator\desktop\atdr_base_code\kernel\atdr_windows\atdrvolflt\atdrvolflt\x64\win8debug\atdrvolflt.sys
c:\users\administrator\desktop\atdr_base_code\kernel\atdr_windows\atdrvolflt\atdrvolflt\atdrvolflt\x64\win8debug\atdrvolflt.tlog\cl.command.1.tlog
c:\users\administrator\desktop\atdr_base_code\kernel\atdr_windows\atdrvolflt\atdrvolflt\atdrvolflt\x64\win8debug\atdrvolflt.tlog\cl.read.1.tlog
c:\users\administrator\desktop\atdr_base_code\kernel\atdr_windows\atdrvolflt\atdrvolflt\atdrvolflt\x64\win8debug\atdrvolflt.tlog\cl.write.1.tlog
c:\users\administrator\desktop\atdr_base_code\kernel\atdr_windows\atdrvolflt\atdrvolflt\atdrvolflt\x64\win8debug\atdrvolflt.tlog\link.command.1.tlog
c:\users\administrator\desktop\atdr_base_code\kernel\atdr_windows\atdrvolflt\atdrvolflt\atdrvolflt\x64\win8debug\atdrvolflt.tlog\link.read.1.tlog
c:\users\administrator\desktop\atdr_base_code\kernel\atdr_windows\atdrvolflt\atdrvolflt\atdrvolflt\x64\win8debug\atdrvolflt.tlog\link.write.1.tlog
